#
# There is insufficient memory for the Java Runtime Environment to continue.
# Native memory allocation (mmap) failed to map 134217728 bytes for G1 virtual space
# Possible reasons:
#   The system is out of physical RAM or swap space
#   The process is running with CompressedOops enabled, and the Java Heap may be blocking the growth of the native heap
# Possible solutions:
#   Reduce memory load on the system
#   Increase physical memory or swap space
#   Check if swap backing store is full
#   Decrease Java heap size (-Xmx/-Xms)
#   Decrease number of Java threads
#   Decrease Java thread stack sizes (-Xss)
#   Set larger code cache with -XX:ReservedCodeCacheSize=
#   JVM is running with Unscaled Compressed Oops mode in which the Java heap is
#     placed in the first 4GB address space. The Java Heap base address is the
#     maximum limit for the native heap growth. Please use -XX:HeapBaseMinAddress
#     to set the Java Heap base and to place the Java Heap above 4GB virtual address.
# This output file may be truncated or incomplete.
#
#  Out of Memory Error (os_windows.cpp:3469), pid=1040, tid=31232
#
# JRE version:  (17.0.1+12) (build )
# Java VM: OpenJDK 64-Bit Server VM (17.0.1+12, mixed mode, sharing, tiered, compressed oops, compressed class ptrs, g1 gc, windows-amd64)
# No core dump will be written. Minidumps are not enabled by default on client versions of Windows
#

---------------  S U M M A R Y ------------

Command Line: -ea -Dfile.encoding=Cp1252 -XX:+ShowCodeDetailsInExceptionMessages org.eclipse.jdt.internal.junit.runner.RemoteTestRunner -version 3 -port 62061 -testLoaderClass org.eclipse.jdt.internal.junit4.runner.JUnit4TestLoader -loaderpluginname org.eclipse.jdt.junit4.runtime -testNameFile C:\Users\VILEMU~1\AppData\Local\Temp\testNames5644568927445814039.txt

Host: Intel(R) Core(TM) i5-8265U CPU @ 1.60GHz, 8 cores, 7G,  Windows 10 , 64 bit Build 19041 (10.0.19041.1503)
Time: Thu Mar 10 19:33:33 2022 Eastern Standard Time elapsed time: 0.018370 seconds (0d 0h 0m 0s)

---------------  T H R E A D  ---------------

Current thread (0x00000270dff24830):  JavaThread "Unknown thread" [_thread_in_vm, id=31232, stack(0x000000d7bdd00000,0x000000d7bde00000)]

Stack: [0x000000d7bdd00000,0x000000d7bde00000]
Native frames: (J=compiled Java code, j=interpreted, Vv=VM code, C=native code)
V  [jvm.dll+0x6744da]
V  [jvm.dll+0x82e144]
V  [jvm.dll+0x82f8ee]
V  [jvm.dll+0x82ff53]
V  [jvm.dll+0x245175]
V  [jvm.dll+0x6714c9]
V  [jvm.dll+0x665f92]
V  [jvm.dll+0x303c3b]
V  [jvm.dll+0x30b176]
V  [jvm.dll+0x35af1e]
V  [jvm.dll+0x35b14f]
V  [jvm.dll+0x2dab78]
V  [jvm.dll+0x2dbae4]
V  [jvm.dll+0x7ffdf1]
V  [jvm.dll+0x368c91]
V  [jvm.dll+0x7df2cc]
V  [jvm.dll+0x3eb59f]
V  [jvm.dll+0x3ed121]
C  [jli.dll+0x5277]
C  [ucrtbase.dll+0x21bb2]
C  [KERNEL32.DLL+0x17034]
C  [ntdll.dll+0x52651]


---------------  P R O C E S S  ---------------

Threads class SMR info:
_java_thread_list=0x00007fff0de84e58, length=0, elements={
}

Java Threads: ( => current thread )

Other Threads:
  0x00000270dff610d0 GCTaskThread "GC Thread#0" [stack: 0x000000d7bde00000,0x000000d7bdf00000] [id=22896]
  0x00000270dff73310 ConcurrentGCThread "G1 Main Marker" [stack: 0x000000d7bdf00000,0x000000d7be000000] [id=21248]
  0x00000270dff73c30 ConcurrentGCThread "G1 Conc#0" [stack: 0x000000d7be000000,0x000000d7be100000] [id=24200]

[error occurred during error reporting (printing all threads), id 0xc0000005, EXCEPTION_ACCESS_VIOLATION (0xc0000005) at pc=0x00007fff0d65b5f7]

VM state: not at safepoint (not fully initialized)

VM Mutex/Monitor currently owned by a thread:  ([mutex/lock_event])
[0x00000270dff21170] Heap_lock - owner thread: 0x00000270dff24830

Heap address: 0x0000000081e00000, size: 2018 MB, Compressed Oops mode: 32-bit

CDS archive(s) mapped at: [0x0000000000000000-0x0000000000000000-0x0000000000000000), size 0, SharedBaseAddress: 0x0000000800000000, ArchiveRelocationMode: 0.
Narrow klass base: 0x0000000000000000, Narrow klass shift: 0, Narrow klass range: 0x0

GC Precious Log:
<Empty>

Heap:
 garbage-first heap   total 0K, used 0K [0x0000000081e00000, 0x0000000100000000)
  region size 1024K, 0 young (0K), 0 survivors (0K)

[error occurred during error reporting (printing heap information), id 0xc0000005, EXCEPTION_ACCESS_VIOLATION (0xc0000005) at pc=0x00007fff0da3d729]

GC Heap History (0 events):
No events

Deoptimization events (0 events):
No events

Classes unloaded (0 events):
No events

Classes redefined (0 events):
No events

Internal exceptions (0 events):
No events

VM Operations (0 events):
No events

Events (1 events):
Event: 0.012 Loaded shared library C:\revature\programs\eclipse\eclipse\plugins\org.eclipse.justj.openjdk.hotspot.jre.full.win32.x86_64_17.0.1.v20211116-1657\jre\bin\java.dll


Dynamic libraries:
0x00007ff660070000 - 0x00007ff66007e000 	C:\revature\programs\eclipse\eclipse\plugins\org.eclipse.justj.openjdk.hotspot.jre.full.win32.x86_64_17.0.1.v20211116-1657\jre\bin\javaw.exe
0x00007fff5bad0000 - 0x00007fff5bcc5000 	C:\WINDOWS\SYSTEM32\ntdll.dll
0x00007fff5b140000 - 0x00007fff5b1fe000 	C:\WINDOWS\System32\KERNEL32.DLL
0x00007fff594f0000 - 0x00007fff597b8000 	C:\WINDOWS\System32\KERNELBASE.dll
0x00007fff599b0000 - 0x00007fff59ab0000 	C:\WINDOWS\System32\ucrtbase.dll
0x00007fff43680000 - 0x00007fff43699000 	C:\revature\programs\eclipse\eclipse\plugins\org.eclipse.justj.openjdk.hotspot.jre.full.win32.x86_64_17.0.1.v20211116-1657\jre\bin\VCRUNTIME140.dll
0x00007fff44000000 - 0x00007fff44018000 	C:\revature\programs\eclipse\eclipse\plugins\org.eclipse.justj.openjdk.hotspot.jre.full.win32.x86_64_17.0.1.v20211116-1657\jre\bin\jli.dll
0x00007fff5b370000 - 0x00007fff5b510000 	C:\WINDOWS\System32\USER32.dll
0x00007fff592c0000 - 0x00007fff592e2000 	C:\WINDOWS\System32\win32u.dll
0x00007fff5b220000 - 0x00007fff5b24b000 	C:\WINDOWS\System32\GDI32.dll
0x00007fff40470000 - 0x00007fff4070a000 	C:\WINDOWS\WinSxS\amd64_microsoft.windows.common-controls_6595b64144ccf1df_6.0.19041.1110_none_60b5254171f9507e\COMCTL32.dll
0x00007fff597c0000 - 0x00007fff598cd000 	C:\WINDOWS\System32\gdi32full.dll
0x00007fff5b0a0000 - 0x00007fff5b13e000 	C:\WINDOWS\System32\msvcrt.dll
0x00007fff59450000 - 0x00007fff594ed000 	C:\WINDOWS\System32\msvcp_win.dll
0x00007fff59fc0000 - 0x00007fff59ff0000 	C:\WINDOWS\System32\IMM32.DLL
0x00007fff51480000 - 0x00007fff5148c000 	C:\revature\programs\eclipse\eclipse\plugins\org.eclipse.justj.openjdk.hotspot.jre.full.win32.x86_64_17.0.1.v20211116-1657\jre\bin\vcruntime140_1.dll
0x00007fff35780000 - 0x00007fff35811000 	C:\revature\programs\eclipse\eclipse\plugins\org.eclipse.justj.openjdk.hotspot.jre.full.win32.x86_64_17.0.1.v20211116-1657\jre\bin\msvcp140.dll
0x00007fff0d370000 - 0x00007fff0dfb6000 	C:\revature\programs\eclipse\eclipse\plugins\org.eclipse.justj.openjdk.hotspot.jre.full.win32.x86_64_17.0.1.v20211116-1657\jre\bin\server\jvm.dll
0x00007fff5a470000 - 0x00007fff5a51e000 	C:\WINDOWS\System32\ADVAPI32.dll
0x00007fff5a520000 - 0x00007fff5a5bc000 	C:\WINDOWS\System32\sechost.dll
0x00007fff59b30000 - 0x00007fff59c55000 	C:\WINDOWS\System32\RPCRT4.dll
0x00007fff5b8d0000 - 0x00007fff5b8d8000 	C:\WINDOWS\System32\PSAPI.DLL
0x00007fff39800000 - 0x00007fff39809000 	C:\WINDOWS\SYSTEM32\WSOCK32.dll
0x00007fff5b940000 - 0x00007fff5b9ab000 	C:\WINDOWS\System32\WS2_32.dll
0x00007fff50000000 - 0x00007fff5000a000 	C:\WINDOWS\SYSTEM32\VERSION.dll
0x00007fff3c550000 - 0x00007fff3c577000 	C:\WINDOWS\SYSTEM32\WINMM.dll
0x00007fff57a70000 - 0x00007fff57a82000 	C:\WINDOWS\SYSTEM32\kernel.appcore.dll
0x00007fff533a0000 - 0x00007fff533aa000 	C:\revature\programs\eclipse\eclipse\plugins\org.eclipse.justj.openjdk.hotspot.jre.full.win32.x86_64_17.0.1.v20211116-1657\jre\bin\jimage.dll
0x00007fff56f90000 - 0x00007fff57174000 	C:\WINDOWS\SYSTEM32\DBGHELP.DLL
0x00007fff3b9e0000 - 0x00007fff3ba0c000 	C:\WINDOWS\SYSTEM32\dbgcore.DLL
0x00007fff591e0000 - 0x00007fff59262000 	C:\WINDOWS\System32\bcryptPrimitives.dll
0x00007fff44060000 - 0x00007fff44085000 	C:\revature\programs\eclipse\eclipse\plugins\org.eclipse.justj.openjdk.hotspot.jre.full.win32.x86_64_17.0.1.v20211116-1657\jre\bin\java.dll

dbghelp: loaded successfully - version: 4.0.5 - missing functions: none
symbol engine: initialized successfully - sym options: 0x614 - pdb path: .;C:\revature\programs\eclipse\eclipse\plugins\org.eclipse.justj.openjdk.hotspot.jre.full.win32.x86_64_17.0.1.v20211116-1657\jre\bin;C:\WINDOWS\SYSTEM32;C:\WINDOWS\WinSxS\amd64_microsoft.windows.common-controls_6595b64144ccf1df_6.0.19041.1110_none_60b5254171f9507e;C:\revature\programs\eclipse\eclipse\plugins\org.eclipse.justj.openjdk.hotspot.jre.full.win32.x86_64_17.0.1.v20211116-1657\jre\bin\server

VM Arguments:
jvm_args: -ea -Dfile.encoding=Cp1252 -XX:+ShowCodeDetailsInExceptionMessages 
java_command: org.eclipse.jdt.internal.junit.runner.RemoteTestRunner -version 3 -port 62061 -testLoaderClass org.eclipse.jdt.internal.junit4.runner.JUnit4TestLoader -loaderpluginname org.eclipse.jdt.junit4.runtime -testNameFile C:\Users\VILEMU~1\AppData\Local\Temp\testNames5644568927445814039.txt
java_class_path (initial): C:\revature\project0-Corvier-master\target\test-classes;C:\revature\project0-Corvier-master\target\classes;C:\Program Files (x86)\MySQL\Connector J 8.0\mysql-connector-java-8.0.28.jar;C:\Users\Vile Muse\.m2\repository\log4j\log4j\1.2.17\log4j-1.2.17.jar;C:\Users\Vile Muse\.m2\repository\junit\junit\4.12\junit-4.12.jar;C:\Users\Vile Muse\.m2\repository\org\hamcrest\hamcrest-core\1.3\hamcrest-core-1.3.jar;C:\Users\Vile Muse\.m2\repository\org\mockito\mockito-core\3.7.7\mockito-core-3.7.7.jar;C:\Users\Vile Muse\.m2\repository\net\bytebuddy\byte-buddy\1.10.19\byte-buddy-1.10.19.jar;C:\Users\Vile Muse\.m2\repository\net\bytebuddy\byte-buddy-agent\1.10.19\byte-buddy-agent-1.10.19.jar;C:\Users\Vile Muse\.m2\repository\org\objenesis\objenesis\3.1\objenesis-3.1.jar;C:\revature\programs\eclipse\eclipse\configuration\org.eclipse.osgi\416\0\.cp;C:\revature\programs\eclipse\eclipse\configuration\org.eclipse.osgi\415\0\.cp
Launcher Type: SUN_STANDARD

[Global flags]
     intx CICompilerCount                          = 4                                         {product} {ergonomic}
     uint ConcGCThreads                            = 2                                         {product} {ergonomic}
     uint G1ConcRefinementThreads                  = 8                                         {product} {ergonomic}
   size_t G1HeapRegionSize                         = 1048576                                   {product} {ergonomic}
    uintx GCDrainStackTargetSize                   = 64                                        {product} {ergonomic}
   size_t InitialHeapSize                          = 134217728                                 {product} {ergonomic}
   size_t MarkStackSize                            = 4194304                                   {product} {ergonomic}
   size_t MaxHeapSize                              = 2116026368                                {product} {ergonomic}
   size_t MinHeapDeltaBytes                        = 1048576                                   {product} {ergonomic}
   size_t MinHeapSize                              = 8388608                                   {product} {ergonomic}
    uintx NonNMethodCodeHeapSize                   = 5839372                                {pd product} {ergonomic}
    uintx NonProfiledCodeHeapSize                  = 122909434                              {pd product} {ergonomic}
    uintx ProfiledCodeHeapSize                     = 122909434                              {pd product} {ergonomic}
    uintx ReservedCodeCacheSize                    = 251658240                              {pd product} {ergonomic}
     bool SegmentedCodeCache                       = true                                      {product} {ergonomic}
     bool ShowCodeDetailsInExceptionMessages       = true                                   {manageable} {command line}
   size_t SoftMaxHeapSize                          = 2116026368                             {manageable} {ergonomic}
     bool UseCompressedClassPointers               = true                           {product lp64_product} {ergonomic}
     bool UseCompressedOops                        = true                           {product lp64_product} {ergonomic}
     bool UseG1GC                                  = true                                      {product} {ergonomic}
     bool UseLargePagesIndividualAllocation        = false                                  {pd product} {ergonomic}

Logging:
Log output configuration:
 #0: stdout all=warning uptime,level,tags
 #1: stderr all=off uptime,level,tags

Environment Variables:
JAVA_HOME=C:\Program Files\Java\jdk1.8.0_321
CLASSPATH=%CLASSPATH%;C:\revature\programs\junit\junit.jar;.;
PATH=C:/revature/programs/eclipse/eclipse//plugins/org.eclipse.justj.openjdk.hotspot.jre.full.win32.x86_64_17.0.1.v20211116-1657/jre/bin/server;C:/revature/programs/eclipse/eclipse//plugins/org.eclipse.justj.openjdk.hotspot.jre.full.win32.x86_64_17.0.1.v20211116-1657/jre/bin;C:\Python310\Scripts\;C:\Python310\;C:\Program Files\Java\jdk1.8.0_281\bin;C:\Program Files (x86)\Common Files\Oracle\Java\javapath;C:\Python38\Scripts\;C:\Python38\;C:\WINDOWS\system32;C:\WINDOWS;C:\WINDOWS\System32\Wbem;C:\WINDOWS\System32\WindowsPowerShell\v1.0\;C:\WINDOWS\System32\OpenSSH\;C:\Program Files\Microsoft SQL Server\130\Tools\Binn\;C:\ProgramData\chocolatey\bin;C:\Program Files\Java\jdk-16.0.1\bin;C:\revature\programs\apache maven\apache-maven-3.8.4\bin;C:\revature\programs\nodejs\;C:\Program Files\MySQL\MySQL Server 8.0\bin;C:\revature\programs\sonarqube\sonarqube-9.3.0.51899\bin;C:\Program Files\Docker\Docker\resources\bin;C:\ProgramData\DockerDesktop\version-bin;C:\Program Files\Git\cmd;C:\Program Files\Java\jdk1.8.0_321\bin;C:\Program Files\Java\jdk1.8.0_321\bin;C:\Program Files\MySQL\MySQL Shell 8.0\bin\;C:\Users\Vile Muse\AppData\Local\Microsoft\WindowsApps;C:\Users\Vile Muse\AppData\Local\Programs\Microsoft VS Code\bin;C:\Program Files\BlueJ\jdk\bin;C:\Users\Vile Muse\.dotnet\tools;C:\xampp\php;C:\Program Files\JetBrains\IntelliJ IDEA Community Edition 2021.1.1\bin;C:\Program Files\MariaDB 10.6\bin;C:\Users\Vile Muse\AppData\Roaming\npm;C:\revature\programs\sonarqube\sonarqube-9.3.0.51899\bin\windows-x86-64;C:\revature\programs\eclipse\eclipse;
USERNAME=Vile Muse
OS=Windows_NT
PROCESSOR_IDENTIFIER=Intel64 Family 6 Model 142 Stepping 12, GenuineIntel



---------------  S Y S T E M  ---------------

OS:
 Windows 10 , 64 bit Build 19041 (10.0.19041.1503)
OS uptime: 18 days 23:17 hours
Hyper-V role detected

CPU: total 8 (initial active 8) (4 cores per cpu, 2 threads per core) family 6 model 142 stepping 12 microcode 0xd6, cx8, cmov, fxsr, ht, mmx, 3dnowpref, sse, sse2, sse3, ssse3, sse4.1, sse4.2, popcnt, lzcnt, tsc, tscinvbit, avx, avx2, aes, erms, clmul, bmi1, bmi2, adx, fma, vzeroupper, clflush, clflushopt, hv

Memory: 4k page, system-wide physical 8070M (639M free)
TotalPageFile size 32644M (AvailPageFile size 44M)
current process WorkingSet (physical memory assigned to process): 10M, peak: 10M
current process commit charge ("private bytes"): 60M, peak: 187M

vm_info: OpenJDK 64-Bit Server VM (17.0.1+12) for windows-amd64 JRE (17.0.1+12), built on Oct 20 2021 07:42:55 by "" with MS VC++ 16.7 (VS2019)

END.
